[debug] > Exec(early(addDefaultCommands), None, None)
[debug] > Exec(addDefaultCommands, None, None)
[debug] > Exec(early(initialize), None, None)
[debug] > Exec(initialize, None, None)
[debug] > Exec(boot, None, None)
[debug] > Exec(writeSbtVersion, None, None)
[debug] > Exec(reload, None, None)
[debug] > Exec(sbtStashOnFailure, None, None)
[debug] > Exec(onFailure loadFailed, None, None)
[debug] > Exec(loadp, None, None)
[info] welcome to sbt 1.7.1 (Eclipse Adoptium Java 17.0.2)
[debug]       Load.loadUnit: plugins took 207.002694ms
[debug]       Load.loadUnit: defsScala took 0.628036ms
[debug] [Loading] Scanning directory /root/.sbt/1.0/plugins
[debug] [Loading] Found non-root projects 
[debug] [Loading] Done in /root/.sbt/1.0/plugins, returning: ()
[debug] deducing auto plugins based on known facts Set(Atom(sbt.plugins.CorePlugin)) and clauses Clauses(Clause(Atom(sbt.plugins.JvmPlugin),Set(Atom(sbt.plugins.IvyPlugin)))
[debug] Clause(Atom(sbt.ScriptedPlugin),Set(Atom(sbt.plugins.JvmPlugin)))
[debug] Clause(Atom(sbt.plugins.SbtPlugin),Set(Atom(sbt.ScriptedPlugin)))
[debug] Clause(Atom(sbt.plugins.SemanticdbPlugin),Set(Atom(sbt.plugins.JvmPlugin)))
[debug] Clause(Atom(sbt.plugins.JUnitXmlReportPlugin),Set(Atom(sbt.plugins.JvmPlugin)))
[debug] Clause(Atom(sbt.plugins.MiniDependencyTreePlugin),Set(Atom(sbt.plugins.JvmPlugin)))
[debug] Clause(Atom(sbt.plugins.CorePlugin),Set(Atom(sbt.plugins.IvyPlugin)))
[debug] Clause(Atom(sbt.plugins.IvyPlugin),Set(Atom(sbt.plugins.JvmPlugin)))
[debug] Clause(Atom(sbt.plugins.JvmPlugin),Set(Atom(sbt.plugins.SemanticdbPlugin)))
[debug] Clause(Atom(sbt.plugins.JvmPlugin),Set(Atom(sbt.plugins.JUnitXmlReportPlugin)))
[debug] Clause(Atom(sbt.plugins.CorePlugin),Set(Atom(sbt.plugins.Giter8TemplatePlugin)))
[debug] Clause(Atom(sbt.plugins.JvmPlugin),Set(Atom(sbt.plugins.MiniDependencyTreePlugin))))
[debug]   :: deduced result: Matched(sbt.plugins.CorePlugin,sbt.plugins.Giter8TemplatePlugin,sbt.plugins.IvyPlugin,sbt.plugins.JvmPlugin,sbt.plugins.MiniDependencyTreePlugin,sbt.plugins.JUnitXmlReportPlugin,sbt.plugins.SemanticdbPlugin)
[debug] Plugins.deducer#function took 41.96246 ms
[debug]           Load.resolveProject(global-plugins) took 110.061569ms
[debug]         Load.loadTransitive: finalizeProject(Project(id global-plugins, base: /root/.sbt/1.0/plugins, plugins: List(<none>))) took 188.65624ms
[debug] [Loading] Done in /root/.sbt/1.0/plugins, returning: (global-plugins)
[debug]       Load.loadUnit: loadedProjectsRaw took 237.59151ms
[debug]       Load.loadUnit: cleanEvalClasses took 0.510156ms
[debug]     Load.loadUnit(file:/root/.sbt/1.0/plugins/, ...) took 462.48065ms
[debug]   Load.apply: load took 890.657317ms
[debug]   Load.apply: resolveProjects took 30.788436ms
[debug]   Load.apply: finalTransforms took 139.100151ms
[debug]   Load.apply: config.delegates took 18.682619ms
[debug]   Load.apply: Def.make(settings)... took 688.28691ms
[debug]   Load.apply: structureIndex took 177.435504ms
[debug]   Load.apply: mkStreams took 2.024862ms
[info] loading global plugins from /root/.sbt/1.0/plugins
[debug] Running task... Cancel: Signal, check cycles: false, forcegc: true
[debug] Load.defaultLoad until apply took 3723.549679ms
[debug]           Load.loadUnit: plugins took 30.228641ms
[debug]           Load.loadUnit: defsScala took 0.004771ms
[debug] [Loading] Scanning directory /home/mahmoud-essam/Music/AkkA-HTTp_MYSTUDY/project
[debug] [Loading] Found non-root projects 
[debug] [Loading] Done in /home/mahmoud-essam/Music/AkkA-HTTp_MYSTUDY/project, returning: ()
[debug] deducing auto plugins based on known facts Set(Atom(sbt.plugins.CorePlugin)) and clauses Clauses(Clause(Atom(sbt.plugins.JvmPlugin),Set(Atom(sbt.plugins.IvyPlugin)))
[debug] Clause(Atom(sbt.ScriptedPlugin),Set(Atom(sbt.plugins.JvmPlugin)))
[debug] Clause(Atom(sbt.plugins.SbtPlugin),Set(Atom(sbt.ScriptedPlugin)))
[debug] Clause(Atom(sbt.plugins.SemanticdbPlugin),Set(Atom(sbt.plugins.JvmPlugin)))
[debug] Clause(Atom(sbt.plugins.JUnitXmlReportPlugin),Set(Atom(sbt.plugins.JvmPlugin)))
[debug] Clause(Atom(sbt.plugins.MiniDependencyTreePlugin),Set(Atom(sbt.plugins.JvmPlugin)))
[debug] Clause(Atom(sbt.plugins.CorePlugin),Set(Atom(sbt.plugins.IvyPlugin)))
[debug] Clause(Atom(sbt.plugins.IvyPlugin),Set(Atom(sbt.plugins.JvmPlugin)))
[debug] Clause(Atom(sbt.plugins.JvmPlugin),Set(Atom(sbt.plugins.SemanticdbPlugin)))
[debug] Clause(Atom(sbt.plugins.JvmPlugin),Set(Atom(sbt.plugins.JUnitXmlReportPlugin)))
[debug] Clause(Atom(sbt.plugins.CorePlugin),Set(Atom(sbt.plugins.Giter8TemplatePlugin)))
[debug] Clause(Atom(sbt.plugins.JvmPlugin),Set(Atom(sbt.plugins.MiniDependencyTreePlugin))))
[debug]   :: deduced result: Matched(sbt.plugins.CorePlugin,sbt.plugins.Giter8TemplatePlugin,sbt.plugins.IvyPlugin,sbt.plugins.JvmPlugin,sbt.plugins.MiniDependencyTreePlugin,sbt.plugins.JUnitXmlReportPlugin,sbt.plugins.SemanticdbPlugin)
[debug] Plugins.deducer#function took 2.362619 ms
[debug]               Load.resolveProject(akka-http_mystudy-build) took 1.377828ms
[debug]             Load.loadTransitive: finalizeProject(Project(id akka-http_mystudy-build, base: /home/mahmoud-essam/Music/AkkA-HTTp_MYSTUDY/project, plugins: List(<none>))) took 4.432038ms
[debug] [Loading] Done in /home/mahmoud-essam/Music/AkkA-HTTp_MYSTUDY/project, returning: (akka-http_mystudy-build)
[debug]           Load.loadUnit: loadedProjectsRaw took 6.452191ms
[debug]           Load.loadUnit: cleanEvalClasses took 0.014745ms
[debug]         Load.loadUnit(file:/home/mahmoud-essam/Music/AkkA-HTTp_MYSTUDY/project/, ...) took 37.383523ms
[debug]       Load.apply: load took 40.151774ms
[debug]       Load.apply: resolveProjects took 0.136357ms
[debug]       Load.apply: finalTransforms took 13.61595ms
[debug]       Load.apply: config.delegates took 0.545204ms
[debug]       Load.apply: Def.make(settings)... took 130.100971ms
[debug]       Load.apply: structureIndex took 43.81204ms
[debug]       Load.apply: mkStreams took 0.002635ms
[info] loading project definition from /home/mahmoud-essam/Music/AkkA-HTTp_MYSTUDY/project
[debug] Running task... Cancel: Signal, check cycles: false, forcegc: true
[debug]     Load.loadUnit: plugins took 513.279159ms
[debug]     Load.loadUnit: defsScala took 0.005924ms
[debug] [Loading] Scanning directory /home/mahmoud-essam/Music/AkkA-HTTp_MYSTUDY
[debug]       Load.loadUnit: mkEval took 7.911976ms
[debug] [Loading] Found root project root w/ remaining 
[debug] deducing auto plugins based on known facts Set(Atom(sbt.plugins.CorePlugin)) and clauses Clauses(Clause(Atom(sbt.plugins.JvmPlugin),Set(Atom(sbt.plugins.IvyPlugin)))
[debug] Clause(Atom(sbt.ScriptedPlugin),Set(Atom(sbt.plugins.JvmPlugin)))
[debug] Clause(Atom(sbt.plugins.SbtPlugin),Set(Atom(sbt.ScriptedPlugin)))
[debug] Clause(Atom(sbt.plugins.SemanticdbPlugin),Set(Atom(sbt.plugins.JvmPlugin)))
[debug] Clause(Atom(sbt.plugins.JUnitXmlReportPlugin),Set(Atom(sbt.plugins.JvmPlugin)))
[debug] Clause(Atom(sbt.plugins.MiniDependencyTreePlugin),Set(Atom(sbt.plugins.JvmPlugin)))
[debug] Clause(Atom(sbt.plugins.CorePlugin),Set(Atom(sbt.plugins.IvyPlugin)))
[debug] Clause(Atom(sbt.plugins.IvyPlugin),Set(Atom(sbt.plugins.JvmPlugin)))
[debug] Clause(Atom(sbt.plugins.JvmPlugin),Set(Atom(sbt.plugins.SemanticdbPlugin)))
[debug] Clause(Atom(sbt.plugins.JvmPlugin),Set(Atom(sbt.plugins.JUnitXmlReportPlugin)))
[debug] Clause(Atom(sbt.plugins.CorePlugin),Set(Atom(sbt.plugins.Giter8TemplatePlugin)))
[debug] Clause(Atom(sbt.plugins.JvmPlugin),Set(Atom(sbt.plugins.MiniDependencyTreePlugin))))
[debug]   :: deduced result: Matched(sbt.plugins.CorePlugin,sbt.plugins.Giter8TemplatePlugin,sbt.plugins.IvyPlugin,sbt.plugins.JvmPlugin,sbt.plugins.MiniDependencyTreePlugin,sbt.plugins.JUnitXmlReportPlugin,sbt.plugins.SemanticdbPlugin)
[debug] Plugins.deducer#function took 2.071008 ms
[info] loading settings for project root from build.sbt ...
[debug]         Load.resolveProject(root) took 2.775519ms
[debug]       Load.loadTransitive: finalizeProject(Project(id root, base: /home/mahmoud-essam/Music/AkkA-HTTp_MYSTUDY, plugins: List(<none>))) took 6.205427ms
[debug] [Loading] Done in /home/mahmoud-essam/Music/AkkA-HTTp_MYSTUDY, returning: (root)
[debug]     Load.loadUnit: loadedProjectsRaw took 3758.225513ms
[debug]     Load.loadUnit: cleanEvalClasses took 6.78159ms
[debug]   Load.loadUnit(file:/home/mahmoud-essam/Music/AkkA-HTTp_MYSTUDY/, ...) took 4279.368812ms
[debug] Load.apply: load took 4281.581984ms
[debug] Load.apply: resolveProjects took 0.182722ms
[debug] Load.apply: finalTransforms took 16.568982ms
[debug] Load.apply: config.delegates took 0.643767ms
[debug] Load.apply: Def.make(settings)... took 101.999455ms
[debug] Load.apply: structureIndex took 57.129287ms
[debug] Load.apply: mkStreams took 0.003587ms
[info] set current project to AkkA-HTTp_MYSTUDY (in build file:/home/mahmoud-essam/Music/AkkA-HTTp_MYSTUDY/)
[debug] > Exec(sbtPopOnFailure, None, None)
[debug] > Exec(resumeFromFailure, None, None)
[debug] > Exec(notifyUsersAboutShell, None, None)
[debug] > Exec(iflast shell, None, None)
[debug] > Exec(shell, None, None)
[info] sbt server started at local:///root/.sbt/1.0/server/db008923cedbc13ebdb8/sock
[debug] Writing bsp connection file
[info] started sbt server
